<?xml version="1.0" encoding="UTF-8"?>
<Site BuildName="(empty)"
	BuildStamp="20250704-1359-Experimental"
	Name="(empty)"
	Generator="ctest-3.29.3"
	CompilerName=""
	CompilerVersion=""
	OSName="Linux"
	Hostname="b9478d2be3bd"
	OSRelease="5.15.167.4-microsoft-standard-WSL2"
	OSVersion="#1 SMP Tue Nov 5 00:21:55 UTC 2024"
	OSPlatform="x86_64"
	Is64Bits="1"
	VendorString="AuthenticAMD"
	VendorID="Advanced Micro Devices"
	FamilyID="26"
	ModelID="68"
	ProcessorCacheSize="1024"
	NumberOfLogicalCPU="24"
	NumberOfPhysicalCPU="12"
	TotalVirtualMemory="4096"
	TotalPhysicalMemory="15539"
	LogicalProcessorsPerPhysical="2"
	ProcessorClockFrequency="4399.93"
	>
	<Testing>
		<StartDateTime>Jul 04 14:00 UTC</StartDateTime>
		<StartTestTime>1751637650</StartTestTime>
		<TestList/>
		<EndDateTime>Jul 04 14:00 UTC</EndDateTime>
		<EndTestTime>1751637650</EndTestTime>
		<ElapsedMinutes>0</ElapsedMinutes>
	</Testing>
</Site>
